2019-07-04 11:36:10.763  INFO 12416 --- [main] w.m.a.d.UmsRolePermissionRelationDaoTest : Starting UmsRolePermissionRelationDaoTest on LAPTOP-4T85LL3P with PID 12416 (started by wujiang in E:\localSoftware\springLearnDemo\mail\common-api)
2019-07-04 11:36:10.765 DEBUG 12416 --- [main] w.m.a.d.UmsRolePermissionRelationDaoTest : Running with Spring Boot v2.1.3.RELEASE, Spring v5.1.5.RELEASE
2019-07-04 11:36:10.766  INFO 12416 --- [main] w.m.a.d.UmsRolePermissionRelationDaoTest : No active profile set, falling back to default profiles: default
2019-07-04 11:36:16.905  INFO 12416 --- [main] .s.d.r.c.RepositoryConfigurationDelegate : Multiple Spring Data modules found, entering strict repository configuration mode!
2019-07-04 11:36:16.909  INFO 12416 --- [main] .s.d.r.c.RepositoryConfigurationDelegate : Bootstrapping Spring Data repositories in DEFAULT mode.
2019-07-04 11:36:17.058  INFO 12416 --- [main] .s.d.r.c.RepositoryConfigurationDelegate : Finished Spring Data repository scanning in 79ms. Found 0 repository interfaces.
2019-07-04 11:36:18.201  INFO 12416 --- [main] trationDelegate$BeanPostProcessorChecker : Bean 'org.springframework.amqp.rabbit.annotation.RabbitBootstrapConfiguration' of type [org.springframework.amqp.rabbit.annotation.RabbitBootstrapConfiguration$$EnhancerBySpringCGLIB$$7325b7fe] is not eligible for getting processed by all BeanPostProcessors (for example: not eligible for auto-proxying)
2019-07-04 11:36:18.308  INFO 12416 --- [main] trationDelegate$BeanPostProcessorChecker : Bean 'org.springframework.transaction.annotation.ProxyTransactionManagementConfiguration' of type [org.springframework.transaction.annotation.ProxyTransactionManagementConfiguration$$EnhancerBySpringCGLIB$$acb9f9d0] is not eligible for getting processed by all BeanPostProcessors (for example: not eligible for auto-proxying)
2019-07-04 11:36:21.383  INFO 12416 --- [main] c.a.d.s.b.a.DruidDataSourceAutoConfigure : Init DruidDataSource
2019-07-04 11:36:24.165  INFO 12416 --- [main] com.alibaba.druid.pool.DruidDataSource   : {dataSource-1} inited
2019-07-04 11:36:27.027  INFO 12416 --- [main] o.s.b.a.e.web.EndpointLinksResolver      : Exposing 2 endpoint(s) beneath base path '/actuator'
2019-07-04 11:36:30.498  INFO 12416 --- [main] .s.s.UserDetailsServiceAutoConfiguration : 

Using generated security password: 2d9a9631-f919-405a-b900-93a7468e7446

2019-07-04 11:36:31.055  INFO 12416 --- [main] o.s.s.web.DefaultSecurityFilterChain     : Creating filter chain: any request, [org.springframework.security.web.context.request.async.WebAsyncManagerIntegrationFilter@1de12397, org.springframework.security.web.context.SecurityContextPersistenceFilter@571d0925, org.springframework.security.web.header.HeaderWriterFilter@204b0f07, org.springframework.security.web.authentication.logout.LogoutFilter@26d73519, org.springframework.security.web.savedrequest.RequestCacheAwareFilter@3fe8ad3f, org.springframework.security.web.servletapi.SecurityContextHolderAwareRequestFilter@165aa43a, org.springframework.security.web.authentication.AnonymousAuthenticationFilter@2f5f5bc9, org.springframework.security.web.session.SessionManagementFilter@5feb82b3, org.springframework.security.web.access.ExceptionTranslationFilter@102af1bb, org.springframework.security.web.access.intercept.FilterSecurityInterceptor@7079f8f0]
2019-07-04 11:36:31.689  INFO 12416 --- [main] pertySourcedRequestMappingHandlerMapping : Mapped URL path [/v2/api-docs] onto method [public org.springframework.http.ResponseEntity<springfox.documentation.spring.web.json.Json> springfox.documentation.swagger2.web.Swagger2Controller.getDocumentation(java.lang.String,javax.servlet.http.HttpServletRequest)]
2019-07-04 11:36:33.128  INFO 12416 --- [main] o.s.s.concurrent.ThreadPoolTaskExecutor  : Initializing ExecutorService 'applicationTaskExecutor'
2019-07-04 11:36:34.813  INFO 12416 --- [main] d.s.w.p.DocumentationPluginsBootstrapper : Context refreshed
2019-07-04 11:36:34.890  INFO 12416 --- [main] d.s.w.p.DocumentationPluginsBootstrapper : Found 1 custom documentation plugin(s)
2019-07-04 11:36:34.956  INFO 12416 --- [main] s.d.s.w.s.ApiListingReferenceScanner     : Scanning for api listing references
2019-07-04 11:36:35.322  INFO 12416 --- [main] .d.s.w.r.o.CachingOperationNameGenerator : Generating unique operation named: handleUsingGET_1
2019-07-04 11:36:35.327  INFO 12416 --- [main] .d.s.w.r.o.CachingOperationNameGenerator : Generating unique operation named: handleUsingGET_2
2019-07-04 11:36:35.331  INFO 12416 --- [main] .d.s.w.r.o.CachingOperationNameGenerator : Generating unique operation named: handleUsingGET_3
2019-07-04 11:36:35.435  INFO 12416 --- [main] o.s.a.r.c.CachingConnectionFactory       : Attempting to connect to: [localhost:5672]
2019-07-04 11:36:35.682  INFO 12416 --- [main] o.s.a.r.c.CachingConnectionFactory       : Created new connection: rabbitConnectionFactory#9c93d16:0/SimpleConnection@134955bb [delegate=amqp://mall@127.0.0.1:5672//mall, localPort= 8419]
2019-07-04 11:36:35.863  INFO 12416 --- [SimpleAsyncTaskExecutor-4] c.w.m.api.component.CancelOrderReceiver  : receive delay message orderId:100
2019-07-04 11:36:35.864  INFO 12416 --- [SimpleAsyncTaskExecutor-4] c.w.m.a.s.impl.CancelOrderServiceImpl    : cancel the order start ... orderId:100
2019-07-04 11:36:35.864  INFO 12416 --- [SimpleAsyncTaskExecutor-4] c.w.m.a.s.impl.CancelOrderServiceImpl    : cancel the order end ... orderId:100
2019-07-04 11:36:36.193  INFO 12416 --- [main] w.m.a.d.UmsRolePermissionRelationDaoTest : Started UmsRolePermissionRelationDaoTest in 26.836 seconds (JVM running for 30.249)
2019-07-04 11:36:37.050  INFO 12416 --- [Thread-4] o.s.a.r.l.SimpleMessageListenerContainer : Waiting for workers to finish.
2019-07-04 11:36:37.874  INFO 12416 --- [Thread-4] o.s.a.r.l.SimpleMessageListenerContainer : Successfully waited for workers to finish.
2019-07-04 11:36:37.937  INFO 12416 --- [Thread-4] o.s.a.r.l.SimpleMessageListenerContainer : Waiting for workers to finish.
2019-07-04 11:36:37.958  INFO 12416 --- [Thread-4] o.s.a.r.l.SimpleMessageListenerContainer : Successfully waited for workers to finish.
2019-07-04 11:36:37.992  INFO 12416 --- [Thread-4] o.s.a.r.l.SimpleMessageListenerContainer : Waiting for workers to finish.
2019-07-04 11:36:38.036  INFO 12416 --- [Thread-4] o.s.a.r.l.SimpleMessageListenerContainer : Successfully waited for workers to finish.
2019-07-04 11:36:38.048  INFO 12416 --- [Thread-4] o.s.a.r.l.SimpleMessageListenerContainer : Waiting for workers to finish.
2019-07-04 11:36:38.136  INFO 12416 --- [Thread-4] o.s.a.r.l.SimpleMessageListenerContainer : Successfully waited for workers to finish.
2019-07-04 11:36:38.180  INFO 12416 --- [Thread-4] o.s.a.r.l.SimpleMessageListenerContainer : Waiting for workers to finish.
2019-07-04 11:36:38.182  INFO 12416 --- [Thread-4] o.s.a.r.l.SimpleMessageListenerContainer : Successfully waited for workers to finish.
2019-07-04 11:36:38.199  INFO 12416 --- [Thread-4] o.s.a.r.l.SimpleMessageListenerContainer : Waiting for workers to finish.
2019-07-04 11:36:39.174  INFO 12416 --- [Thread-4] o.s.a.r.l.SimpleMessageListenerContainer : Successfully waited for workers to finish.
2019-07-04 11:36:39.180  INFO 12416 --- [Thread-4] o.s.a.r.l.SimpleMessageListenerContainer : Shutdown ignored - container is not active already
2019-07-04 11:36:39.180  INFO 12416 --- [Thread-4] o.s.a.r.l.SimpleMessageListenerContainer : Shutdown ignored - container is not active already
2019-07-04 11:36:39.180  INFO 12416 --- [Thread-4] o.s.a.r.l.SimpleMessageListenerContainer : Shutdown ignored - container is not active already
2019-07-04 11:36:39.180  INFO 12416 --- [Thread-4] o.s.a.r.l.SimpleMessageListenerContainer : Shutdown ignored - container is not active already
2019-07-04 11:36:39.180  INFO 12416 --- [Thread-4] o.s.a.r.l.SimpleMessageListenerContainer : Shutdown ignored - container is not active already
2019-07-04 11:36:39.180  INFO 12416 --- [Thread-4] o.s.a.r.l.SimpleMessageListenerContainer : Shutdown ignored - container is not active already
2019-07-04 11:36:39.181  INFO 12416 --- [Thread-4] o.s.s.concurrent.ThreadPoolTaskExecutor  : Shutting down ExecutorService 'applicationTaskExecutor'
2019-07-04 11:36:39.207  INFO 12416 --- [Thread-4] com.alibaba.druid.pool.DruidDataSource   : {dataSource-1} closed
2019-07-04 11:39:08.690  INFO 12864 --- [main] w.m.a.d.UmsRolePermissionRelationDaoTest : Starting UmsRolePermissionRelationDaoTest on LAPTOP-4T85LL3P with PID 12864 (started by wujiang in E:\localSoftware\springLearnDemo\mail\common-api)
2019-07-04 11:39:08.691 DEBUG 12864 --- [main] w.m.a.d.UmsRolePermissionRelationDaoTest : Running with Spring Boot v2.1.3.RELEASE, Spring v5.1.5.RELEASE
2019-07-04 11:39:08.692  INFO 12864 --- [main] w.m.a.d.UmsRolePermissionRelationDaoTest : No active profile set, falling back to default profiles: default
2019-07-04 11:39:13.750  INFO 12864 --- [main] .s.d.r.c.RepositoryConfigurationDelegate : Multiple Spring Data modules found, entering strict repository configuration mode!
2019-07-04 11:39:13.755  INFO 12864 --- [main] .s.d.r.c.RepositoryConfigurationDelegate : Bootstrapping Spring Data repositories in DEFAULT mode.
2019-07-04 11:39:13.810  INFO 12864 --- [main] .s.d.r.c.RepositoryConfigurationDelegate : Finished Spring Data repository scanning in 36ms. Found 0 repository interfaces.
2019-07-04 11:39:14.749  INFO 12864 --- [main] trationDelegate$BeanPostProcessorChecker : Bean 'org.springframework.amqp.rabbit.annotation.RabbitBootstrapConfiguration' of type [org.springframework.amqp.rabbit.annotation.RabbitBootstrapConfiguration$$EnhancerBySpringCGLIB$$91a8490e] is not eligible for getting processed by all BeanPostProcessors (for example: not eligible for auto-proxying)
2019-07-04 11:39:14.861  INFO 12864 --- [main] trationDelegate$BeanPostProcessorChecker : Bean 'org.springframework.transaction.annotation.ProxyTransactionManagementConfiguration' of type [org.springframework.transaction.annotation.ProxyTransactionManagementConfiguration$$EnhancerBySpringCGLIB$$cb3c8ae0] is not eligible for getting processed by all BeanPostProcessors (for example: not eligible for auto-proxying)
2019-07-04 11:39:17.054  INFO 12864 --- [main] c.a.d.s.b.a.DruidDataSourceAutoConfigure : Init DruidDataSource
2019-07-04 11:39:18.943  INFO 12864 --- [main] com.alibaba.druid.pool.DruidDataSource   : {dataSource-1} inited
2019-07-04 11:39:19.533 ERROR 12864 --- [main] o.m.spring.mapper.MapperFactoryBean      : Error while adding the mapper 'interface com.wj.mail.dao.UmsRolePermissionRelationDao' to configuration.

org.apache.ibatis.builder.BuilderException: Error parsing Mapper XML. The XML location is 'com/wj/mail/dao/UmsRolePermissionRelationDao.xml'. Cause: org.apache.ibatis.builder.BuilderException: Wrong namespace. Expected 'com.wj.mail.dao.UmsRolePermissionRelationDao' but found 'com.wj.mail.UmsRolePermissionRelationDao'.
	at org.apache.ibatis.builder.xml.XMLMapperBuilder.configurationElement(XMLMapperBuilder.java:120) ~[mybatis-3.4.6.jar:3.4.6]
	at org.apache.ibatis.builder.xml.XMLMapperBuilder.parse(XMLMapperBuilder.java:92) ~[mybatis-3.4.6.jar:3.4.6]
	at org.apache.ibatis.builder.annotation.MapperAnnotationBuilder.loadXmlResource(MapperAnnotationBuilder.java:173) ~[mybatis-3.4.6.jar:3.4.6]
	at org.apache.ibatis.builder.annotation.MapperAnnotationBuilder.parse(MapperAnnotationBuilder.java:124) ~[mybatis-3.4.6.jar:3.4.6]
	at org.apache.ibatis.binding.MapperRegistry.addMapper(MapperRegistry.java:72) ~[mybatis-3.4.6.jar:3.4.6]
	at org.apache.ibatis.session.Configuration.addMapper(Configuration.java:741) ~[mybatis-3.4.6.jar:3.4.6]
	at org.mybatis.spring.mapper.MapperFactoryBean.checkDaoConfig(MapperFactoryBean.java:80) ~[mybatis-spring-1.3.2.jar:1.3.2]
	at org.springframework.dao.support.DaoSupport.afterPropertiesSet(DaoSupport.java:44) [spring-tx-5.1.5.RELEASE.jar:5.1.5.RELEASE]
	at org.springframework.beans.factory.support.AbstractAutowireCapableBeanFactory.invokeInitMethods(AbstractAutowireCapableBeanFactory.java:1821) [spring-beans-5.1.5.RELEASE.jar:5.1.5.RELEASE]
	at org.springframework.beans.factory.support.AbstractAutowireCapableBeanFactory.initializeBean(AbstractAutowireCapableBeanFactory.java:1758) [spring-beans-5.1.5.RELEASE.jar:5.1.5.RELEASE]
	at org.springframework.beans.factory.support.AbstractAutowireCapableBeanFactory.doCreateBean(AbstractAutowireCapableBeanFactory.java:593) [spring-beans-5.1.5.RELEASE.jar:5.1.5.RELEASE]
	at org.springframework.beans.factory.support.AbstractAutowireCapableBeanFactory.createBean(AbstractAutowireCapableBeanFactory.java:515) [spring-beans-5.1.5.RELEASE.jar:5.1.5.RELEASE]
	at org.springframework.beans.factory.support.AbstractBeanFactory.lambda$doGetBean$0(AbstractBeanFactory.java:320) [spring-beans-5.1.5.RELEASE.jar:5.1.5.RELEASE]
	at org.springframework.beans.factory.support.DefaultSingletonBeanRegistry.getSingleton(DefaultSingletonBeanRegistry.java:222) ~[spring-beans-5.1.5.RELEASE.jar:5.1.5.RELEASE]
	at org.springframework.beans.factory.support.AbstractBeanFactory.doGetBean(AbstractBeanFactory.java:318) [spring-beans-5.1.5.RELEASE.jar:5.1.5.RELEASE]
	at org.springframework.beans.factory.support.AbstractBeanFactory.getBean(AbstractBeanFactory.java:199) [spring-beans-5.1.5.RELEASE.jar:5.1.5.RELEASE]
	at org.springframework.beans.factory.config.DependencyDescriptor.resolveCandidate(DependencyDescriptor.java:277) ~[spring-beans-5.1.5.RELEASE.jar:5.1.5.RELEASE]
	at org.springframework.beans.factory.support.DefaultListableBeanFactory.doResolveDependency(DefaultListableBeanFactory.java:1247) ~[spring-beans-5.1.5.RELEASE.jar:5.1.5.RELEASE]
	at org.springframework.beans.factory.support.DefaultListableBeanFactory.resolveDependency(DefaultListableBeanFactory.java:1167) ~[spring-beans-5.1.5.RELEASE.jar:5.1.5.RELEASE]
	at org.springframework.beans.factory.annotation.AutowiredAnnotationBeanPostProcessor$AutowiredFieldElement.inject(AutowiredAnnotationBeanPostProcessor.java:593) ~[spring-beans-5.1.5.RELEASE.jar:5.1.5.RELEASE]
	at org.springframework.beans.factory.annotation.InjectionMetadata.inject(InjectionMetadata.java:90) ~[spring-beans-5.1.5.RELEASE.jar:5.1.5.RELEASE]
	at org.springframework.beans.factory.annotation.AutowiredAnnotationBeanPostProcessor.postProcessProperties(AutowiredAnnotationBeanPostProcessor.java:374) ~[spring-beans-5.1.5.RELEASE.jar:5.1.5.RELEASE]
	at org.springframework.beans.factory.support.AbstractAutowireCapableBeanFactory.populateBean(AbstractAutowireCapableBeanFactory.java:1395) [spring-beans-5.1.5.RELEASE.jar:5.1.5.RELEASE]
	at org.springframework.beans.factory.support.AbstractAutowireCapableBeanFactory.doCreateBean(AbstractAutowireCapableBeanFactory.java:592) [spring-beans-5.1.5.RELEASE.jar:5.1.5.RELEASE]
	at org.springframework.beans.factory.support.AbstractAutowireCapableBeanFactory.createBean(AbstractAutowireCapableBeanFactory.java:515) [spring-beans-5.1.5.RELEASE.jar:5.1.5.RELEASE]
	at org.springframework.beans.factory.support.AbstractBeanFactory.lambda$doGetBean$0(AbstractBeanFactory.java:320) [spring-beans-5.1.5.RELEASE.jar:5.1.5.RELEASE]
	at org.springframework.beans.factory.support.DefaultSingletonBeanRegistry.getSingleton(DefaultSingletonBeanRegistry.java:222) ~[spring-beans-5.1.5.RELEASE.jar:5.1.5.RELEASE]
	at org.springframework.beans.factory.support.AbstractBeanFactory.doGetBean(AbstractBeanFactory.java:318) [spring-beans-5.1.5.RELEASE.jar:5.1.5.RELEASE]
	at org.springframework.beans.factory.support.AbstractBeanFactory.getBean(AbstractBeanFactory.java:199) [spring-beans-5.1.5.RELEASE.jar:5.1.5.RELEASE]
	at org.springframework.beans.factory.config.DependencyDescriptor.resolveCandidate(DependencyDescriptor.java:277) ~[spring-beans-5.1.5.RELEASE.jar:5.1.5.RELEASE]
	at org.springframework.beans.factory.support.DefaultListableBeanFactory.doResolveDependency(DefaultListableBeanFactory.java:1247) ~[spring-beans-5.1.5.RELEASE.jar:5.1.5.RELEASE]
	at org.springframework.beans.factory.support.DefaultListableBeanFactory.resolveDependency(DefaultListableBeanFactory.java:1167) ~[spring-beans-5.1.5.RELEASE.jar:5.1.5.RELEASE]
	at org.springframework.beans.factory.annotation.AutowiredAnnotationBeanPostProcessor$AutowiredFieldElement.inject(AutowiredAnnotationBeanPostProcessor.java:593) ~[spring-beans-5.1.5.RELEASE.jar:5.1.5.RELEASE]
	at org.springframework.beans.factory.annotation.InjectionMetadata.inject(InjectionMetadata.java:90) ~[spring-beans-5.1.5.RELEASE.jar:5.1.5.RELEASE]
	at org.springframework.beans.factory.annotation.AutowiredAnnotationBeanPostProcessor.postProcessProperties(AutowiredAnnotationBeanPostProcessor.java:374) ~[spring-beans-5.1.5.RELEASE.jar:5.1.5.RELEASE]
	at org.springframework.beans.factory.support.AbstractAutowireCapableBeanFactory.populateBean(AbstractAutowireCapableBeanFactory.java:1395) [spring-beans-5.1.5.RELEASE.jar:5.1.5.RELEASE]
	at org.springframework.beans.factory.support.AbstractAutowireCapableBeanFactory.doCreateBean(AbstractAutowireCapableBeanFactory.java:592) [spring-beans-5.1.5.RELEASE.jar:5.1.5.RELEASE]
	at org.springframework.beans.factory.support.AbstractAutowireCapableBeanFactory.createBean(AbstractAutowireCapableBeanFactory.java:515) [spring-beans-5.1.5.RELEASE.jar:5.1.5.RELEASE]
	at org.springframework.beans.factory.support.AbstractBeanFactory.lambda$doGetBean$0(AbstractBeanFactory.java:320) [spring-beans-5.1.5.RELEASE.jar:5.1.5.RELEASE]
	at org.springframework.beans.factory.support.DefaultSingletonBeanRegistry.getSingleton(DefaultSingletonBeanRegistry.java:222) ~[spring-beans-5.1.5.RELEASE.jar:5.1.5.RELEASE]
	at org.springframework.beans.factory.support.AbstractBeanFactory.doGetBean(AbstractBeanFactory.java:318) [spring-beans-5.1.5.RELEASE.jar:5.1.5.RELEASE]
	at org.springframework.beans.factory.support.AbstractBeanFactory.getBean(AbstractBeanFactory.java:199) [spring-beans-5.1.5.RELEASE.jar:5.1.5.RELEASE]
	at org.springframework.beans.factory.support.DefaultListableBeanFactory.preInstantiateSingletons(DefaultListableBeanFactory.java:849) ~[spring-beans-5.1.5.RELEASE.jar:5.1.5.RELEASE]
	at org.springframework.context.support.AbstractApplicationContext.finishBeanFactoryInitialization(AbstractApplicationContext.java:877) ~[spring-context-5.1.5.RELEASE.jar:5.1.5.RELEASE]
	at org.springframework.context.support.AbstractApplicationContext.refresh(AbstractApplicationContext.java:549) ~[spring-context-5.1.5.RELEASE.jar:5.1.5.RELEASE]
	at org.springframework.boot.SpringApplication.refresh(SpringApplication.java:775) ~[spring-boot-2.1.3.RELEASE.jar:2.1.3.RELEASE]
	at org.springframework.boot.SpringApplication.refreshContext(SpringApplication.java:397) ~[spring-boot-2.1.3.RELEASE.jar:2.1.3.RELEASE]
	at org.springframework.boot.SpringApplication.run(SpringApplication.java:316) ~[spring-boot-2.1.3.RELEASE.jar:2.1.3.RELEASE]
	at org.springframework.boot.test.context.SpringBootContextLoader.loadContext(SpringBootContextLoader.java:127) ~[spring-boot-test-2.1.3.RELEASE.jar:2.1.3.RELEASE]
	at org.springframework.test.context.cache.DefaultCacheAwareContextLoaderDelegate.loadContextInternal(DefaultCacheAwareContextLoaderDelegate.java:99) ~[spring-test-5.1.5.RELEASE.jar:5.1.5.RELEASE]
	at org.springframework.test.context.cache.DefaultCacheAwareContextLoaderDelegate.loadContext(DefaultCacheAwareContextLoaderDelegate.java:117) ~[spring-test-5.1.5.RELEASE.jar:5.1.5.RELEASE]
	at org.springframework.test.context.support.DefaultTestContext.getApplicationContext(DefaultTestContext.java:108) ~[spring-test-5.1.5.RELEASE.jar:5.1.5.RELEASE]
	at org.springframework.test.context.web.ServletTestExecutionListener.setUpRequestContextIfNecessary(ServletTestExecutionListener.java:190) ~[spring-test-5.1.5.RELEASE.jar:5.1.5.RELEASE]
	at org.springframework.test.context.web.ServletTestExecutionListener.prepareTestInstance(ServletTestExecutionListener.java:132) ~[spring-test-5.1.5.RELEASE.jar:5.1.5.RELEASE]
	at org.springframework.test.context.TestContextManager.prepareTestInstance(TestContextManager.java:246) ~[spring-test-5.1.5.RELEASE.jar:5.1.5.RELEASE]
	at org.springframework.test.context.junit4.SpringJUnit4ClassRunner.createTest(SpringJUnit4ClassRunner.java:227) ~[spring-test-5.1.5.RELEASE.jar:5.1.5.RELEASE]
	at org.springframework.test.context.junit4.SpringJUnit4ClassRunner$1.runReflectiveCall(SpringJUnit4ClassRunner.java:289) ~[spring-test-5.1.5.RELEASE.jar:5.1.5.RELEASE]
	at org.junit.internal.runners.model.ReflectiveCallable.run(ReflectiveCallable.java:12) ~[junit-4.12.jar:4.12]
	at org.springframework.test.context.junit4.SpringJUnit4ClassRunner.methodBlock(SpringJUnit4ClassRunner.java:291) ~[spring-test-5.1.5.RELEASE.jar:5.1.5.RELEASE]
	at org.springframework.test.context.junit4.SpringJUnit4ClassRunner.runChild(SpringJUnit4ClassRunner.java:246) ~[spring-test-5.1.5.RELEASE.jar:5.1.5.RELEASE]
	at org.springframework.test.context.junit4.SpringJUnit4ClassRunner.runChild(SpringJUnit4ClassRunner.java:97) ~[spring-test-5.1.5.RELEASE.jar:5.1.5.RELEASE]
	at org.junit.runners.ParentRunner$3.run(ParentRunner.java:290) ~[junit-4.12.jar:4.12]
	at org.junit.runners.ParentRunner$1.schedule(ParentRunner.java:71) ~[junit-4.12.jar:4.12]
	at org.junit.runners.ParentRunner.runChildren(ParentRunner.java:288) ~[junit-4.12.jar:4.12]
	at org.junit.runners.ParentRunner.access$000(ParentRunner.java:58) ~[junit-4.12.jar:4.12]
	at org.junit.runners.ParentRunner$2.evaluate(ParentRunner.java:268) ~[junit-4.12.jar:4.12]
	at org.springframework.test.context.junit4.statements.RunBeforeTestClassCallbacks.evaluate(RunBeforeTestClassCallbacks.java:61) ~[spring-test-5.1.5.RELEASE.jar:5.1.5.RELEASE]
	at org.springframework.test.context.junit4.statements.RunAfterTestClassCallbacks.evaluate(RunAfterTestClassCallbacks.java:70) ~[spring-test-5.1.5.RELEASE.jar:5.1.5.RELEASE]
	at org.junit.runners.ParentRunner.run(ParentRunner.java:363) ~[junit-4.12.jar:4.12]
	at org.springframework.test.context.junit4.SpringJUnit4ClassRunner.run(SpringJUnit4ClassRunner.java:190) ~[spring-test-5.1.5.RELEASE.jar:5.1.5.RELEASE]
	at org.junit.runner.JUnitCore.run(JUnitCore.java:137) ~[junit-4.12.jar:4.12]
	at com.intellij.junit4.JUnit4IdeaTestRunner.startRunnerWithArgs(JUnit4IdeaTestRunner.java:68) ~[junit-rt.jar:na]
	at com.intellij.rt.execution.junit.IdeaTestRunner$Repeater.startRunnerWithArgs(IdeaTestRunner.java:47) ~[junit-rt.jar:na]
	at com.intellij.rt.execution.junit.JUnitStarter.prepareStreamsAndStart(JUnitStarter.java:242) ~[junit-rt.jar:na]
	at com.intellij.rt.execution.junit.JUnitStarter.main(JUnitStarter.java:70) ~[junit-rt.jar:na]
Caused by: org.apache.ibatis.builder.BuilderException: Wrong namespace. Expected 'com.wj.mail.dao.UmsRolePermissionRelationDao' but found 'com.wj.mail.UmsRolePermissionRelationDao'.
	at org.apache.ibatis.builder.MapperBuilderAssistant.setCurrentNamespace(MapperBuilderAssistant.java:78) ~[mybatis-3.4.6.jar:3.4.6]
	at org.apache.ibatis.builder.xml.XMLMapperBuilder.configurationElement(XMLMapperBuilder.java:112) ~[mybatis-3.4.6.jar:3.4.6]
	... 74 common frames omitted

2019-07-04 11:39:19.647  WARN 12864 --- [main] o.s.w.c.s.GenericWebApplicationContext   : Exception encountered during context initialization - cancelling refresh attempt: org.springframework.beans.factory.UnsatisfiedDependencyException: Error creating bean with name 'umsRoleController': Unsatisfied dependency expressed through field 'roleService'; nested exception is org.springframework.beans.factory.UnsatisfiedDependencyException: Error creating bean with name 'umsRoleServiceImpl': Unsatisfied dependency expressed through field 'umsRolePermissionRelationDao'; nested exception is org.springframework.beans.factory.BeanCreationException: Error creating bean with name 'umsRolePermissionRelationDao' defined in file [E:\localSoftware\springLearnDemo\mail-mbgt\target\classes\com\wj\mail\dao\UmsRolePermissionRelationDao.class]: Invocation of init method failed; nested exception is java.lang.IllegalArgumentException: org.apache.ibatis.builder.BuilderException: Error parsing Mapper XML. The XML location is 'com/wj/mail/dao/UmsRolePermissionRelationDao.xml'. Cause: org.apache.ibatis.builder.BuilderException: Wrong namespace. Expected 'com.wj.mail.dao.UmsRolePermissionRelationDao' but found 'com.wj.mail.UmsRolePermissionRelationDao'.
2019-07-04 11:39:19.660  INFO 12864 --- [main] com.alibaba.druid.pool.DruidDataSource   : {dataSource-1} closed
2019-07-04 11:39:19.739  INFO 12864 --- [main] ConditionEvaluationReportLoggingListener : 

Error starting ApplicationContext. To display the conditions report re-run your application with 'debug' enabled.
2019-07-04 11:39:19.801 ERROR 12864 --- [main] o.s.boot.SpringApplication               : Application run failed

org.springframework.beans.factory.UnsatisfiedDependencyException: Error creating bean with name 'umsRoleController': Unsatisfied dependency expressed through field 'roleService'; nested exception is org.springframework.beans.factory.UnsatisfiedDependencyException: Error creating bean with name 'umsRoleServiceImpl': Unsatisfied dependency expressed through field 'umsRolePermissionRelationDao'; nested exception is org.springframework.beans.factory.BeanCreationException: Error creating bean with name 'umsRolePermissionRelationDao' defined in file [E:\localSoftware\springLearnDemo\mail-mbgt\target\classes\com\wj\mail\dao\UmsRolePermissionRelationDao.class]: Invocation of init method failed; nested exception is java.lang.IllegalArgumentException: org.apache.ibatis.builder.BuilderException: Error parsing Mapper XML. The XML location is 'com/wj/mail/dao/UmsRolePermissionRelationDao.xml'. Cause: org.apache.ibatis.builder.BuilderException: Wrong namespace. Expected 'com.wj.mail.dao.UmsRolePermissionRelationDao' but found 'com.wj.mail.UmsRolePermissionRelationDao'.
	at org.springframework.beans.factory.annotation.AutowiredAnnotationBeanPostProcessor$AutowiredFieldElement.inject(AutowiredAnnotationBeanPostProcessor.java:596) ~[spring-beans-5.1.5.RELEASE.jar:5.1.5.RELEASE]
	at org.springframework.beans.factory.annotation.InjectionMetadata.inject(InjectionMetadata.java:90) ~[spring-beans-5.1.5.RELEASE.jar:5.1.5.RELEASE]
	at org.springframework.beans.factory.annotation.AutowiredAnnotationBeanPostProcessor.postProcessProperties(AutowiredAnnotationBeanPostProcessor.java:374) ~[spring-beans-5.1.5.RELEASE.jar:5.1.5.RELEASE]
	at org.springframework.beans.factory.support.AbstractAutowireCapableBeanFactory.populateBean(AbstractAutowireCapableBeanFactory.java:1395) ~[spring-beans-5.1.5.RELEASE.jar:5.1.5.RELEASE]
	at org.springframework.beans.factory.support.AbstractAutowireCapableBeanFactory.doCreateBean(AbstractAutowireCapableBeanFactory.java:592) ~[spring-beans-5.1.5.RELEASE.jar:5.1.5.RELEASE]
	at org.springframework.beans.factory.support.AbstractAutowireCapableBeanFactory.createBean(AbstractAutowireCapableBeanFactory.java:515) ~[spring-beans-5.1.5.RELEASE.jar:5.1.5.RELEASE]
	at org.springframework.beans.factory.support.AbstractBeanFactory.lambda$doGetBean$0(AbstractBeanFactory.java:320) ~[spring-beans-5.1.5.RELEASE.jar:5.1.5.RELEASE]
	at org.springframework.beans.factory.support.DefaultSingletonBeanRegistry.getSingleton(DefaultSingletonBeanRegistry.java:222) ~[spring-beans-5.1.5.RELEASE.jar:5.1.5.RELEASE]
	at org.springframework.beans.factory.support.AbstractBeanFactory.doGetBean(AbstractBeanFactory.java:318) ~[spring-beans-5.1.5.RELEASE.jar:5.1.5.RELEASE]
	at org.springframework.beans.factory.support.AbstractBeanFactory.getBean(AbstractBeanFactory.java:199) ~[spring-beans-5.1.5.RELEASE.jar:5.1.5.RELEASE]
	at org.springframework.beans.factory.support.DefaultListableBeanFactory.preInstantiateSingletons(DefaultListableBeanFactory.java:849) ~[spring-beans-5.1.5.RELEASE.jar:5.1.5.RELEASE]
	at org.springframework.context.support.AbstractApplicationContext.finishBeanFactoryInitialization(AbstractApplicationContext.java:877) ~[spring-context-5.1.5.RELEASE.jar:5.1.5.RELEASE]
	at org.springframework.context.support.AbstractApplicationContext.refresh(AbstractApplicationContext.java:549) ~[spring-context-5.1.5.RELEASE.jar:5.1.5.RELEASE]
	at org.springframework.boot.SpringApplication.refresh(SpringApplication.java:775) ~[spring-boot-2.1.3.RELEASE.jar:2.1.3.RELEASE]
	at org.springframework.boot.SpringApplication.refreshContext(SpringApplication.java:397) ~[spring-boot-2.1.3.RELEASE.jar:2.1.3.RELEASE]
	at org.springframework.boot.SpringApplication.run(SpringApplication.java:316) ~[spring-boot-2.1.3.RELEASE.jar:2.1.3.RELEASE]
	at org.springframework.boot.test.context.SpringBootContextLoader.loadContext(SpringBootContextLoader.java:127) [spring-boot-test-2.1.3.RELEASE.jar:2.1.3.RELEASE]
	at org.springframework.test.context.cache.DefaultCacheAwareContextLoaderDelegate.loadContextInternal(DefaultCacheAwareContextLoaderDelegate.java:99) [spring-test-5.1.5.RELEASE.jar:5.1.5.RELEASE]
	at org.springframework.test.context.cache.DefaultCacheAwareContextLoaderDelegate.loadContext(DefaultCacheAwareContextLoaderDelegate.java:117) [spring-test-5.1.5.RELEASE.jar:5.1.5.RELEASE]
	at org.springframework.test.context.support.DefaultTestContext.getApplicationContext(DefaultTestContext.java:108) [spring-test-5.1.5.RELEASE.jar:5.1.5.RELEASE]
	at org.springframework.test.context.web.ServletTestExecutionListener.setUpRequestContextIfNecessary(ServletTestExecutionListener.java:190) [spring-test-5.1.5.RELEASE.jar:5.1.5.RELEASE]
	at org.springframework.test.context.web.ServletTestExecutionListener.prepareTestInstance(ServletTestExecutionListener.java:132) [spring-test-5.1.5.RELEASE.jar:5.1.5.RELEASE]
	at org.springframework.test.context.TestContextManager.prepareTestInstance(TestContextManager.java:246) [spring-test-5.1.5.RELEASE.jar:5.1.5.RELEASE]
	at org.springframework.test.context.junit4.SpringJUnit4ClassRunner.createTest(SpringJUnit4ClassRunner.java:227) [spring-test-5.1.5.RELEASE.jar:5.1.5.RELEASE]
	at org.springframework.test.context.junit4.SpringJUnit4ClassRunner$1.runReflectiveCall(SpringJUnit4ClassRunner.java:289) [spring-test-5.1.5.RELEASE.jar:5.1.5.RELEASE]
	at org.junit.internal.runners.model.ReflectiveCallable.run(ReflectiveCallable.java:12) [junit-4.12.jar:4.12]
	at org.springframework.test.context.junit4.SpringJUnit4ClassRunner.methodBlock(SpringJUnit4ClassRunner.java:291) [spring-test-5.1.5.RELEASE.jar:5.1.5.RELEASE]
	at org.springframework.test.context.junit4.SpringJUnit4ClassRunner.runChild(SpringJUnit4ClassRunner.java:246) [spring-test-5.1.5.RELEASE.jar:5.1.5.RELEASE]
	at org.springframework.test.context.junit4.SpringJUnit4ClassRunner.runChild(SpringJUnit4ClassRunner.java:97) [spring-test-5.1.5.RELEASE.jar:5.1.5.RELEASE]
	at org.junit.runners.ParentRunner$3.run(ParentRunner.java:290) [junit-4.12.jar:4.12]
	at org.junit.runners.ParentRunner$1.schedule(ParentRunner.java:71) [junit-4.12.jar:4.12]
	at org.junit.runners.ParentRunner.runChildren(ParentRunner.java:288) [junit-4.12.jar:4.12]
	at org.junit.runners.ParentRunner.access$000(ParentRunner.java:58) [junit-4.12.jar:4.12]
	at org.junit.runners.ParentRunner$2.evaluate(ParentRunner.java:268) [junit-4.12.jar:4.12]
	at org.springframework.test.context.junit4.statements.RunBeforeTestClassCallbacks.evaluate(RunBeforeTestClassCallbacks.java:61) [spring-test-5.1.5.RELEASE.jar:5.1.5.RELEASE]
	at org.springframework.test.context.junit4.statements.RunAfterTestClassCallbacks.evaluate(RunAfterTestClassCallbacks.java:70) [spring-test-5.1.5.RELEASE.jar:5.1.5.RELEASE]
	at org.junit.runners.ParentRunner.run(ParentRunner.java:363) [junit-4.12.jar:4.12]
	at org.springframework.test.context.junit4.SpringJUnit4ClassRunner.run(SpringJUnit4ClassRunner.java:190) [spring-test-5.1.5.RELEASE.jar:5.1.5.RELEASE]
	at org.junit.runner.JUnitCore.run(JUnitCore.java:137) [junit-4.12.jar:4.12]
	at com.intellij.junit4.JUnit4IdeaTestRunner.startRunnerWithArgs(JUnit4IdeaTestRunner.java:68) [junit-rt.jar:na]
	at com.intellij.rt.execution.junit.IdeaTestRunner$Repeater.startRunnerWithArgs(IdeaTestRunner.java:47) [junit-rt.jar:na]
	at com.intellij.rt.execution.junit.JUnitStarter.prepareStreamsAndStart(JUnitStarter.java:242) [junit-rt.jar:na]
	at com.intellij.rt.execution.junit.JUnitStarter.main(JUnitStarter.java:70) [junit-rt.jar:na]
Caused by: org.springframework.beans.factory.UnsatisfiedDependencyException: Error creating bean with name 'umsRoleServiceImpl': Unsatisfied dependency expressed through field 'umsRolePermissionRelationDao'; nested exception is org.springframework.beans.factory.BeanCreationException: Error creating bean with name 'umsRolePermissionRelationDao' defined in file [E:\localSoftware\springLearnDemo\mail-mbgt\target\classes\com\wj\mail\dao\UmsRolePermissionRelationDao.class]: Invocation of init method failed; nested exception is java.lang.IllegalArgumentException: org.apache.ibatis.builder.BuilderException: Error parsing Mapper XML. The XML location is 'com/wj/mail/dao/UmsRolePermissionRelationDao.xml'. Cause: org.apache.ibatis.builder.BuilderException: Wrong namespace. Expected 'com.wj.mail.dao.UmsRolePermissionRelationDao' but found 'com.wj.mail.UmsRolePermissionRelationDao'.
	at org.springframework.beans.factory.annotation.AutowiredAnnotationBeanPostProcessor$AutowiredFieldElement.inject(AutowiredAnnotationBeanPostProcessor.java:596) ~[spring-beans-5.1.5.RELEASE.jar:5.1.5.RELEASE]
	at org.springframework.beans.factory.annotation.InjectionMetadata.inject(InjectionMetadata.java:90) ~[spring-beans-5.1.5.RELEASE.jar:5.1.5.RELEASE]
	at org.springframework.beans.factory.annotation.AutowiredAnnotationBeanPostProcessor.postProcessProperties(AutowiredAnnotationBeanPostProcessor.java:374) ~[spring-beans-5.1.5.RELEASE.jar:5.1.5.RELEASE]
	at org.springframework.beans.factory.support.AbstractAutowireCapableBeanFactory.populateBean(AbstractAutowireCapableBeanFactory.java:1395) ~[spring-beans-5.1.5.RELEASE.jar:5.1.5.RELEASE]
	at org.springframework.beans.factory.support.AbstractAutowireCapableBeanFactory.doCreateBean(AbstractAutowireCapableBeanFactory.java:592) ~[spring-beans-5.1.5.RELEASE.jar:5.1.5.RELEASE]
	at org.springframework.beans.factory.support.AbstractAutowireCapableBeanFactory.createBean(AbstractAutowireCapableBeanFactory.java:515) ~[spring-beans-5.1.5.RELEASE.jar:5.1.5.RELEASE]
	at org.springframework.beans.factory.support.AbstractBeanFactory.lambda$doGetBean$0(AbstractBeanFactory.java:320) ~[spring-beans-5.1.5.RELEASE.jar:5.1.5.RELEASE]
	at org.springframework.beans.factory.support.DefaultSingletonBeanRegistry.getSingleton(DefaultSingletonBeanRegistry.java:222) ~[spring-beans-5.1.5.RELEASE.jar:5.1.5.RELEASE]
	at org.springframework.beans.factory.support.AbstractBeanFactory.doGetBean(AbstractBeanFactory.java:318) ~[spring-beans-5.1.5.RELEASE.jar:5.1.5.RELEASE]
	at org.springframework.beans.factory.support.AbstractBeanFactory.getBean(AbstractBeanFactory.java:199) ~[spring-beans-5.1.5.RELEASE.jar:5.1.5.RELEASE]
	at org.springframework.beans.factory.config.DependencyDescriptor.resolveCandidate(DependencyDescriptor.java:277) ~[spring-beans-5.1.5.RELEASE.jar:5.1.5.RELEASE]
	at org.springframework.beans.factory.support.DefaultListableBeanFactory.doResolveDependency(DefaultListableBeanFactory.java:1247) ~[spring-beans-5.1.5.RELEASE.jar:5.1.5.RELEASE]
	at org.springframework.beans.factory.support.DefaultListableBeanFactory.resolveDependency(DefaultListableBeanFactory.java:1167) ~[spring-beans-5.1.5.RELEASE.jar:5.1.5.RELEASE]
	at org.springframework.beans.factory.annotation.AutowiredAnnotationBeanPostProcessor$AutowiredFieldElement.inject(AutowiredAnnotationBeanPostProcessor.java:593) ~[spring-beans-5.1.5.RELEASE.jar:5.1.5.RELEASE]
	... 42 common frames omitted
Caused by: org.springframework.beans.factory.BeanCreationException: Error creating bean with name 'umsRolePermissionRelationDao' defined in file [E:\localSoftware\springLearnDemo\mail-mbgt\target\classes\com\wj\mail\dao\UmsRolePermissionRelationDao.class]: Invocation of init method failed; nested exception is java.lang.IllegalArgumentException: org.apache.ibatis.builder.BuilderException: Error parsing Mapper XML. The XML location is 'com/wj/mail/dao/UmsRolePermissionRelationDao.xml'. Cause: org.apache.ibatis.builder.BuilderException: Wrong namespace. Expected 'com.wj.mail.dao.UmsRolePermissionRelationDao' but found 'com.wj.mail.UmsRolePermissionRelationDao'.
	at org.springframework.beans.factory.support.AbstractAutowireCapableBeanFactory.initializeBean(AbstractAutowireCapableBeanFactory.java:1762) ~[spring-beans-5.1.5.RELEASE.jar:5.1.5.RELEASE]
	at org.springframework.beans.factory.support.AbstractAutowireCapableBeanFactory.doCreateBean(AbstractAutowireCapableBeanFactory.java:593) ~[spring-beans-5.1.5.RELEASE.jar:5.1.5.RELEASE]
	at org.springframework.beans.factory.support.AbstractAutowireCapableBeanFactory.createBean(AbstractAutowireCapableBeanFactory.java:515) ~[spring-beans-5.1.5.RELEASE.jar:5.1.5.RELEASE]
	at org.springframework.beans.factory.support.AbstractBeanFactory.lambda$doGetBean$0(AbstractBeanFactory.java:320) ~[spring-beans-5.1.5.RELEASE.jar:5.1.5.RELEASE]
	at org.springframework.beans.factory.support.DefaultSingletonBeanRegistry.getSingleton(DefaultSingletonBeanRegistry.java:222) ~[spring-beans-5.1.5.RELEASE.jar:5.1.5.RELEASE]
	at org.springframework.beans.factory.support.AbstractBeanFactory.doGetBean(AbstractBeanFactory.java:318) ~[spring-beans-5.1.5.RELEASE.jar:5.1.5.RELEASE]
	at org.springframework.beans.factory.support.AbstractBeanFactory.getBean(AbstractBeanFactory.java:199) ~[spring-beans-5.1.5.RELEASE.jar:5.1.5.RELEASE]
	at org.springframework.beans.factory.config.DependencyDescriptor.resolveCandidate(DependencyDescriptor.java:277) ~[spring-beans-5.1.5.RELEASE.jar:5.1.5.RELEASE]
	at org.springframework.beans.factory.support.DefaultListableBeanFactory.doResolveDependency(DefaultListableBeanFactory.java:1247) ~[spring-beans-5.1.5.RELEASE.jar:5.1.5.RELEASE]
	at org.springframework.beans.factory.support.DefaultListableBeanFactory.resolveDependency(DefaultListableBeanFactory.java:1167) ~[spring-beans-5.1.5.RELEASE.jar:5.1.5.RELEASE]
	at org.springframework.beans.factory.annotation.AutowiredAnnotationBeanPostProcessor$AutowiredFieldElement.inject(AutowiredAnnotationBeanPostProcessor.java:593) ~[spring-beans-5.1.5.RELEASE.jar:5.1.5.RELEASE]
	... 55 common frames omitted
Caused by: java.lang.IllegalArgumentException: org.apache.ibatis.builder.BuilderException: Error parsing Mapper XML. The XML location is 'com/wj/mail/dao/UmsRolePermissionRelationDao.xml'. Cause: org.apache.ibatis.builder.BuilderException: Wrong namespace. Expected 'com.wj.mail.dao.UmsRolePermissionRelationDao' but found 'com.wj.mail.UmsRolePermissionRelationDao'.
	at org.mybatis.spring.mapper.MapperFactoryBean.checkDaoConfig(MapperFactoryBean.java:83) ~[mybatis-spring-1.3.2.jar:1.3.2]
	at org.springframework.dao.support.DaoSupport.afterPropertiesSet(DaoSupport.java:44) ~[spring-tx-5.1.5.RELEASE.jar:5.1.5.RELEASE]
	at org.springframework.beans.factory.support.AbstractAutowireCapableBeanFactory.invokeInitMethods(AbstractAutowireCapableBeanFactory.java:1821) ~[spring-beans-5.1.5.RELEASE.jar:5.1.5.RELEASE]
	at org.springframework.beans.factory.support.AbstractAutowireCapableBeanFactory.initializeBean(AbstractAutowireCapableBeanFactory.java:1758) ~[spring-beans-5.1.5.RELEASE.jar:5.1.5.RELEASE]
	... 65 common frames omitted
Caused by: org.apache.ibatis.builder.BuilderException: Error parsing Mapper XML. The XML location is 'com/wj/mail/dao/UmsRolePermissionRelationDao.xml'. Cause: org.apache.ibatis.builder.BuilderException: Wrong namespace. Expected 'com.wj.mail.dao.UmsRolePermissionRelationDao' but found 'com.wj.mail.UmsRolePermissionRelationDao'.
	at org.apache.ibatis.builder.xml.XMLMapperBuilder.configurationElement(XMLMapperBuilder.java:120) ~[mybatis-3.4.6.jar:3.4.6]
	at org.apache.ibatis.builder.xml.XMLMapperBuilder.parse(XMLMapperBuilder.java:92) ~[mybatis-3.4.6.jar:3.4.6]
	at org.apache.ibatis.builder.annotation.MapperAnnotationBuilder.loadXmlResource(MapperAnnotationBuilder.java:173) ~[mybatis-3.4.6.jar:3.4.6]
	at org.apache.ibatis.builder.annotation.MapperAnnotationBuilder.parse(MapperAnnotationBuilder.java:124) ~[mybatis-3.4.6.jar:3.4.6]
	at org.apache.ibatis.binding.MapperRegistry.addMapper(MapperRegistry.java:72) ~[mybatis-3.4.6.jar:3.4.6]
	at org.apache.ibatis.session.Configuration.addMapper(Configuration.java:741) ~[mybatis-3.4.6.jar:3.4.6]
	at org.mybatis.spring.mapper.MapperFactoryBean.checkDaoConfig(MapperFactoryBean.java:80) ~[mybatis-spring-1.3.2.jar:1.3.2]
	... 68 common frames omitted
Caused by: org.apache.ibatis.builder.BuilderException: Wrong namespace. Expected 'com.wj.mail.dao.UmsRolePermissionRelationDao' but found 'com.wj.mail.UmsRolePermissionRelationDao'.
	at org.apache.ibatis.builder.MapperBuilderAssistant.setCurrentNamespace(MapperBuilderAssistant.java:78) ~[mybatis-3.4.6.jar:3.4.6]
	at org.apache.ibatis.builder.xml.XMLMapperBuilder.configurationElement(XMLMapperBuilder.java:112) ~[mybatis-3.4.6.jar:3.4.6]
	... 74 common frames omitted

2019-07-04 11:39:19.818 ERROR 12864 --- [main] o.s.test.context.TestContextManager      : Caught exception while allowing TestExecutionListener [org.springframework.test.context.web.ServletTestExecutionListener@1aa7ecca] to prepare test instance [com.wj.mail.api.dao.UmsRolePermissionRelationDaoTest@6d7740f0]

java.lang.IllegalStateException: Failed to load ApplicationContext
	at org.springframework.test.context.cache.DefaultCacheAwareContextLoaderDelegate.loadContext(DefaultCacheAwareContextLoaderDelegate.java:125) ~[spring-test-5.1.5.RELEASE.jar:5.1.5.RELEASE]
	at org.springframework.test.context.support.DefaultTestContext.getApplicationContext(DefaultTestContext.java:108) ~[spring-test-5.1.5.RELEASE.jar:5.1.5.RELEASE]
	at org.springframework.test.context.web.ServletTestExecutionListener.setUpRequestContextIfNecessary(ServletTestExecutionListener.java:190) ~[spring-test-5.1.5.RELEASE.jar:5.1.5.RELEASE]
	at org.springframework.test.context.web.ServletTestExecutionListener.prepareTestInstance(ServletTestExecutionListener.java:132) ~[spring-test-5.1.5.RELEASE.jar:5.1.5.RELEASE]
	at org.springframework.test.context.TestContextManager.prepareTestInstance(TestContextManager.java:246) ~[spring-test-5.1.5.RELEASE.jar:5.1.5.RELEASE]
	at org.springframework.test.context.junit4.SpringJUnit4ClassRunner.createTest(SpringJUnit4ClassRunner.java:227) [spring-test-5.1.5.RELEASE.jar:5.1.5.RELEASE]
	at org.springframework.test.context.junit4.SpringJUnit4ClassRunner$1.runReflectiveCall(SpringJUnit4ClassRunner.java:289) [spring-test-5.1.5.RELEASE.jar:5.1.5.RELEASE]
	at org.junit.internal.runners.model.ReflectiveCallable.run(ReflectiveCallable.java:12) [junit-4.12.jar:4.12]
	at org.springframework.test.context.junit4.SpringJUnit4ClassRunner.methodBlock(SpringJUnit4ClassRunner.java:291) [spring-test-5.1.5.RELEASE.jar:5.1.5.RELEASE]
	at org.springframework.test.context.junit4.SpringJUnit4ClassRunner.runChild(SpringJUnit4ClassRunner.java:246) [spring-test-5.1.5.RELEASE.jar:5.1.5.RELEASE]
	at org.springframework.test.context.junit4.SpringJUnit4ClassRunner.runChild(SpringJUnit4ClassRunner.java:97) [spring-test-5.1.5.RELEASE.jar:5.1.5.RELEASE]
	at org.junit.runners.ParentRunner$3.run(ParentRunner.java:290) [junit-4.12.jar:4.12]
	at org.junit.runners.ParentRunner$1.schedule(ParentRunner.java:71) [junit-4.12.jar:4.12]
	at org.junit.runners.ParentRunner.runChildren(ParentRunner.java:288) [junit-4.12.jar:4.12]
	at org.junit.runners.ParentRunner.access$000(ParentRunner.java:58) [junit-4.12.jar:4.12]
	at org.junit.runners.ParentRunner$2.evaluate(ParentRunner.java:268) [junit-4.12.jar:4.12]
	at org.springframework.test.context.junit4.statements.RunBeforeTestClassCallbacks.evaluate(RunBeforeTestClassCallbacks.java:61) [spring-test-5.1.5.RELEASE.jar:5.1.5.RELEASE]
	at org.springframework.test.context.junit4.statements.RunAfterTestClassCallbacks.evaluate(RunAfterTestClassCallbacks.java:70) [spring-test-5.1.5.RELEASE.jar:5.1.5.RELEASE]
	at org.junit.runners.ParentRunner.run(ParentRunner.java:363) [junit-4.12.jar:4.12]
	at org.springframework.test.context.junit4.SpringJUnit4ClassRunner.run(SpringJUnit4ClassRunner.java:190) [spring-test-5.1.5.RELEASE.jar:5.1.5.RELEASE]
	at org.junit.runner.JUnitCore.run(JUnitCore.java:137) [junit-4.12.jar:4.12]
	at com.intellij.junit4.JUnit4IdeaTestRunner.startRunnerWithArgs(JUnit4IdeaTestRunner.java:68) [junit-rt.jar:na]
	at com.intellij.rt.execution.junit.IdeaTestRunner$Repeater.startRunnerWithArgs(IdeaTestRunner.java:47) [junit-rt.jar:na]
	at com.intellij.rt.execution.junit.JUnitStarter.prepareStreamsAndStart(JUnitStarter.java:242) [junit-rt.jar:na]
	at com.intellij.rt.execution.junit.JUnitStarter.main(JUnitStarter.java:70) [junit-rt.jar:na]
Caused by: org.springframework.beans.factory.UnsatisfiedDependencyException: Error creating bean with name 'umsRoleController': Unsatisfied dependency expressed through field 'roleService'; nested exception is org.springframework.beans.factory.UnsatisfiedDependencyException: Error creating bean with name 'umsRoleServiceImpl': Unsatisfied dependency expressed through field 'umsRolePermissionRelationDao'; nested exception is org.springframework.beans.factory.BeanCreationException: Error creating bean with name 'umsRolePermissionRelationDao' defined in file [E:\localSoftware\springLearnDemo\mail-mbgt\target\classes\com\wj\mail\dao\UmsRolePermissionRelationDao.class]: Invocation of init method failed; nested exception is java.lang.IllegalArgumentException: org.apache.ibatis.builder.BuilderException: Error parsing Mapper XML. The XML location is 'com/wj/mail/dao/UmsRolePermissionRelationDao.xml'. Cause: org.apache.ibatis.builder.BuilderException: Wrong namespace. Expected 'com.wj.mail.dao.UmsRolePermissionRelationDao' but found 'com.wj.mail.UmsRolePermissionRelationDao'.
	at org.springframework.beans.factory.annotation.AutowiredAnnotationBeanPostProcessor$AutowiredFieldElement.inject(AutowiredAnnotationBeanPostProcessor.java:596) ~[spring-beans-5.1.5.RELEASE.jar:5.1.5.RELEASE]
	at org.springframework.beans.factory.annotation.InjectionMetadata.inject(InjectionMetadata.java:90) ~[spring-beans-5.1.5.RELEASE.jar:5.1.5.RELEASE]
	at org.springframework.beans.factory.annotation.AutowiredAnnotationBeanPostProcessor.postProcessProperties(AutowiredAnnotationBeanPostProcessor.java:374) ~[spring-beans-5.1.5.RELEASE.jar:5.1.5.RELEASE]
	at org.springframework.beans.factory.support.AbstractAutowireCapableBeanFactory.populateBean(AbstractAutowireCapableBeanFactory.java:1395) ~[spring-beans-5.1.5.RELEASE.jar:5.1.5.RELEASE]
	at org.springframework.beans.factory.support.AbstractAutowireCapableBeanFactory.doCreateBean(AbstractAutowireCapableBeanFactory.java:592) ~[spring-beans-5.1.5.RELEASE.jar:5.1.5.RELEASE]
	at org.springframework.beans.factory.support.AbstractAutowireCapableBeanFactory.createBean(AbstractAutowireCapableBeanFactory.java:515) ~[spring-beans-5.1.5.RELEASE.jar:5.1.5.RELEASE]
	at org.springframework.beans.factory.support.AbstractBeanFactory.lambda$doGetBean$0(AbstractBeanFactory.java:320) ~[spring-beans-5.1.5.RELEASE.jar:5.1.5.RELEASE]
	at org.springframework.beans.factory.support.DefaultSingletonBeanRegistry.getSingleton(DefaultSingletonBeanRegistry.java:222) ~[spring-beans-5.1.5.RELEASE.jar:5.1.5.RELEASE]
	at org.springframework.beans.factory.support.AbstractBeanFactory.doGetBean(AbstractBeanFactory.java:318) ~[spring-beans-5.1.5.RELEASE.jar:5.1.5.RELEASE]
	at org.springframework.beans.factory.support.AbstractBeanFactory.getBean(AbstractBeanFactory.java:199) ~[spring-beans-5.1.5.RELEASE.jar:5.1.5.RELEASE]
	at org.springframework.beans.factory.support.DefaultListableBeanFactory.preInstantiateSingletons(DefaultListableBeanFactory.java:849) ~[spring-beans-5.1.5.RELEASE.jar:5.1.5.RELEASE]
	at org.springframework.context.support.AbstractApplicationContext.finishBeanFactoryInitialization(AbstractApplicationContext.java:877) ~[spring-context-5.1.5.RELEASE.jar:5.1.5.RELEASE]
	at org.springframework.context.support.AbstractApplicationContext.refresh(AbstractApplicationContext.java:549) ~[spring-context-5.1.5.RELEASE.jar:5.1.5.RELEASE]
	at org.springframework.boot.SpringApplication.refresh(SpringApplication.java:775) ~[spring-boot-2.1.3.RELEASE.jar:2.1.3.RELEASE]
	at org.springframework.boot.SpringApplication.refreshContext(SpringApplication.java:397) ~[spring-boot-2.1.3.RELEASE.jar:2.1.3.RELEASE]
	at org.springframework.boot.SpringApplication.run(SpringApplication.java:316) ~[spring-boot-2.1.3.RELEASE.jar:2.1.3.RELEASE]
	at org.springframework.boot.test.context.SpringBootContextLoader.loadContext(SpringBootContextLoader.java:127) ~[spring-boot-test-2.1.3.RELEASE.jar:2.1.3.RELEASE]
	at org.springframework.test.context.cache.DefaultCacheAwareContextLoaderDelegate.loadContextInternal(DefaultCacheAwareContextLoaderDelegate.java:99) ~[spring-test-5.1.5.RELEASE.jar:5.1.5.RELEASE]
	at org.springframework.test.context.cache.DefaultCacheAwareContextLoaderDelegate.loadContext(DefaultCacheAwareContextLoaderDelegate.java:117) ~[spring-test-5.1.5.RELEASE.jar:5.1.5.RELEASE]
	... 24 common frames omitted
Caused by: org.springframework.beans.factory.UnsatisfiedDependencyException: Error creating bean with name 'umsRoleServiceImpl': Unsatisfied dependency expressed through field 'umsRolePermissionRelationDao'; nested exception is org.springframework.beans.factory.BeanCreationException: Error creating bean with name 'umsRolePermissionRelationDao' defined in file [E:\localSoftware\springLearnDemo\mail-mbgt\target\classes\com\wj\mail\dao\UmsRolePermissionRelationDao.class]: Invocation of init method failed; nested exception is java.lang.IllegalArgumentException: org.apache.ibatis.builder.BuilderException: Error parsing Mapper XML. The XML location is 'com/wj/mail/dao/UmsRolePermissionRelationDao.xml'. Cause: org.apache.ibatis.builder.BuilderException: Wrong namespace. Expected 'com.wj.mail.dao.UmsRolePermissionRelationDao' but found 'com.wj.mail.UmsRolePermissionRelationDao'.
	at org.springframework.beans.factory.annotation.AutowiredAnnotationBeanPostProcessor$AutowiredFieldElement.inject(AutowiredAnnotationBeanPostProcessor.java:596) ~[spring-beans-5.1.5.RELEASE.jar:5.1.5.RELEASE]
	at org.springframework.beans.factory.annotation.InjectionMetadata.inject(InjectionMetadata.java:90) ~[spring-beans-5.1.5.RELEASE.jar:5.1.5.RELEASE]
	at org.springframework.beans.factory.annotation.AutowiredAnnotationBeanPostProcessor.postProcessProperties(AutowiredAnnotationBeanPostProcessor.java:374) ~[spring-beans-5.1.5.RELEASE.jar:5.1.5.RELEASE]
	at org.springframework.beans.factory.support.AbstractAutowireCapableBeanFactory.populateBean(AbstractAutowireCapableBeanFactory.java:1395) ~[spring-beans-5.1.5.RELEASE.jar:5.1.5.RELEASE]
	at org.springframework.beans.factory.support.AbstractAutowireCapableBeanFactory.doCreateBean(AbstractAutowireCapableBeanFactory.java:592) ~[spring-beans-5.1.5.RELEASE.jar:5.1.5.RELEASE]
	at org.springframework.beans.factory.support.AbstractAutowireCapableBeanFactory.createBean(AbstractAutowireCapableBeanFactory.java:515) ~[spring-beans-5.1.5.RELEASE.jar:5.1.5.RELEASE]
	at org.springframework.beans.factory.support.AbstractBeanFactory.lambda$doGetBean$0(AbstractBeanFactory.java:320) ~[spring-beans-5.1.5.RELEASE.jar:5.1.5.RELEASE]
	at org.springframework.beans.factory.support.DefaultSingletonBeanRegistry.getSingleton(DefaultSingletonBeanRegistry.java:222) ~[spring-beans-5.1.5.RELEASE.jar:5.1.5.RELEASE]
	at org.springframework.beans.factory.support.AbstractBeanFactory.doGetBean(AbstractBeanFactory.java:318) ~[spring-beans-5.1.5.RELEASE.jar:5.1.5.RELEASE]
	at org.springframework.beans.factory.support.AbstractBeanFactory.getBean(AbstractBeanFactory.java:199) ~[spring-beans-5.1.5.RELEASE.jar:5.1.5.RELEASE]
	at org.springframework.beans.factory.config.DependencyDescriptor.resolveCandidate(DependencyDescriptor.java:277) ~[spring-beans-5.1.5.RELEASE.jar:5.1.5.RELEASE]
	at org.springframework.beans.factory.support.DefaultListableBeanFactory.doResolveDependency(DefaultListableBeanFactory.java:1247) ~[spring-beans-5.1.5.RELEASE.jar:5.1.5.RELEASE]
	at org.springframework.beans.factory.support.DefaultListableBeanFactory.resolveDependency(DefaultListableBeanFactory.java:1167) ~[spring-beans-5.1.5.RELEASE.jar:5.1.5.RELEASE]
	at org.springframework.beans.factory.annotation.AutowiredAnnotationBeanPostProcessor$AutowiredFieldElement.inject(AutowiredAnnotationBeanPostProcessor.java:593) ~[spring-beans-5.1.5.RELEASE.jar:5.1.5.RELEASE]
	... 42 common frames omitted
Caused by: org.springframework.beans.factory.BeanCreationException: Error creating bean with name 'umsRolePermissionRelationDao' defined in file [E:\localSoftware\springLearnDemo\mail-mbgt\target\classes\com\wj\mail\dao\UmsRolePermissionRelationDao.class]: Invocation of init method failed; nested exception is java.lang.IllegalArgumentException: org.apache.ibatis.builder.BuilderException: Error parsing Mapper XML. The XML location is 'com/wj/mail/dao/UmsRolePermissionRelationDao.xml'. Cause: org.apache.ibatis.builder.BuilderException: Wrong namespace. Expected 'com.wj.mail.dao.UmsRolePermissionRelationDao' but found 'com.wj.mail.UmsRolePermissionRelationDao'.
	at org.springframework.beans.factory.support.AbstractAutowireCapableBeanFactory.initializeBean(AbstractAutowireCapableBeanFactory.java:1762) ~[spring-beans-5.1.5.RELEASE.jar:5.1.5.RELEASE]
	at org.springframework.beans.factory.support.AbstractAutowireCapableBeanFactory.doCreateBean(AbstractAutowireCapableBeanFactory.java:593) ~[spring-beans-5.1.5.RELEASE.jar:5.1.5.RELEASE]
	at org.springframework.beans.factory.support.AbstractAutowireCapableBeanFactory.createBean(AbstractAutowireCapableBeanFactory.java:515) ~[spring-beans-5.1.5.RELEASE.jar:5.1.5.RELEASE]
	at org.springframework.beans.factory.support.AbstractBeanFactory.lambda$doGetBean$0(AbstractBeanFactory.java:320) ~[spring-beans-5.1.5.RELEASE.jar:5.1.5.RELEASE]
	at org.springframework.beans.factory.support.DefaultSingletonBeanRegistry.getSingleton(DefaultSingletonBeanRegistry.java:222) ~[spring-beans-5.1.5.RELEASE.jar:5.1.5.RELEASE]
	at org.springframework.beans.factory.support.AbstractBeanFactory.doGetBean(AbstractBeanFactory.java:318) ~[spring-beans-5.1.5.RELEASE.jar:5.1.5.RELEASE]
	at org.springframework.beans.factory.support.AbstractBeanFactory.getBean(AbstractBeanFactory.java:199) ~[spring-beans-5.1.5.RELEASE.jar:5.1.5.RELEASE]
	at org.springframework.beans.factory.config.DependencyDescriptor.resolveCandidate(DependencyDescriptor.java:277) ~[spring-beans-5.1.5.RELEASE.jar:5.1.5.RELEASE]
	at org.springframework.beans.factory.support.DefaultListableBeanFactory.doResolveDependency(DefaultListableBeanFactory.java:1247) ~[spring-beans-5.1.5.RELEASE.jar:5.1.5.RELEASE]
	at org.springframework.beans.factory.support.DefaultListableBeanFactory.resolveDependency(DefaultListableBeanFactory.java:1167) ~[spring-beans-5.1.5.RELEASE.jar:5.1.5.RELEASE]
	at org.springframework.beans.factory.annotation.AutowiredAnnotationBeanPostProcessor$AutowiredFieldElement.inject(AutowiredAnnotationBeanPostProcessor.java:593) ~[spring-beans-5.1.5.RELEASE.jar:5.1.5.RELEASE]
	... 55 common frames omitted
Caused by: java.lang.IllegalArgumentException: org.apache.ibatis.builder.BuilderException: Error parsing Mapper XML. The XML location is 'com/wj/mail/dao/UmsRolePermissionRelationDao.xml'. Cause: org.apache.ibatis.builder.BuilderException: Wrong namespace. Expected 'com.wj.mail.dao.UmsRolePermissionRelationDao' but found 'com.wj.mail.UmsRolePermissionRelationDao'.
	at org.mybatis.spring.mapper.MapperFactoryBean.checkDaoConfig(MapperFactoryBean.java:83) ~[mybatis-spring-1.3.2.jar:1.3.2]
	at org.springframework.dao.support.DaoSupport.afterPropertiesSet(DaoSupport.java:44) ~[spring-tx-5.1.5.RELEASE.jar:5.1.5.RELEASE]
	at org.springframework.beans.factory.support.AbstractAutowireCapableBeanFactory.invokeInitMethods(AbstractAutowireCapableBeanFactory.java:1821) ~[spring-beans-5.1.5.RELEASE.jar:5.1.5.RELEASE]
	at org.springframework.beans.factory.support.AbstractAutowireCapableBeanFactory.initializeBean(AbstractAutowireCapableBeanFactory.java:1758) ~[spring-beans-5.1.5.RELEASE.jar:5.1.5.RELEASE]
	... 65 common frames omitted
Caused by: org.apache.ibatis.builder.BuilderException: Error parsing Mapper XML. The XML location is 'com/wj/mail/dao/UmsRolePermissionRelationDao.xml'. Cause: org.apache.ibatis.builder.BuilderException: Wrong namespace. Expected 'com.wj.mail.dao.UmsRolePermissionRelationDao' but found 'com.wj.mail.UmsRolePermissionRelationDao'.
	at org.apache.ibatis.builder.xml.XMLMapperBuilder.configurationElement(XMLMapperBuilder.java:120) ~[mybatis-3.4.6.jar:3.4.6]
	at org.apache.ibatis.builder.xml.XMLMapperBuilder.parse(XMLMapperBuilder.java:92) ~[mybatis-3.4.6.jar:3.4.6]
	at org.apache.ibatis.builder.annotation.MapperAnnotationBuilder.loadXmlResource(MapperAnnotationBuilder.java:173) ~[mybatis-3.4.6.jar:3.4.6]
	at org.apache.ibatis.builder.annotation.MapperAnnotationBuilder.parse(MapperAnnotationBuilder.java:124) ~[mybatis-3.4.6.jar:3.4.6]
	at org.apache.ibatis.binding.MapperRegistry.addMapper(MapperRegistry.java:72) ~[mybatis-3.4.6.jar:3.4.6]
	at org.apache.ibatis.session.Configuration.addMapper(Configuration.java:741) ~[mybatis-3.4.6.jar:3.4.6]
	at org.mybatis.spring.mapper.MapperFactoryBean.checkDaoConfig(MapperFactoryBean.java:80) ~[mybatis-spring-1.3.2.jar:1.3.2]
	... 68 common frames omitted
Caused by: org.apache.ibatis.builder.BuilderException: Wrong namespace. Expected 'com.wj.mail.dao.UmsRolePermissionRelationDao' but found 'com.wj.mail.UmsRolePermissionRelationDao'.
	at org.apache.ibatis.builder.MapperBuilderAssistant.setCurrentNamespace(MapperBuilderAssistant.java:78) ~[mybatis-3.4.6.jar:3.4.6]
	at org.apache.ibatis.builder.xml.XMLMapperBuilder.configurationElement(XMLMapperBuilder.java:112) ~[mybatis-3.4.6.jar:3.4.6]
	... 74 common frames omitted

2019-07-04 11:44:04.793  INFO 2832 --- [main] w.m.a.d.UmsRolePermissionRelationDaoTest : Starting UmsRolePermissionRelationDaoTest on LAPTOP-4T85LL3P with PID 2832 (started by wujiang in E:\localSoftware\springLearnDemo\mail\common-api)
2019-07-04 11:44:04.794 DEBUG 2832 --- [main] w.m.a.d.UmsRolePermissionRelationDaoTest : Running with Spring Boot v2.1.3.RELEASE, Spring v5.1.5.RELEASE
2019-07-04 11:44:04.795  INFO 2832 --- [main] w.m.a.d.UmsRolePermissionRelationDaoTest : No active profile set, falling back to default profiles: default
2019-07-04 11:44:09.009  INFO 2832 --- [main] .s.d.r.c.RepositoryConfigurationDelegate : Multiple Spring Data modules found, entering strict repository configuration mode!
2019-07-04 11:44:09.016  INFO 2832 --- [main] .s.d.r.c.RepositoryConfigurationDelegate : Bootstrapping Spring Data repositories in DEFAULT mode.
2019-07-04 11:44:09.129  INFO 2832 --- [main] .s.d.r.c.RepositoryConfigurationDelegate : Finished Spring Data repository scanning in 68ms. Found 0 repository interfaces.
2019-07-04 11:44:10.355  INFO 2832 --- [main] trationDelegate$BeanPostProcessorChecker : Bean 'org.springframework.amqp.rabbit.annotation.RabbitBootstrapConfiguration' of type [org.springframework.amqp.rabbit.annotation.RabbitBootstrapConfiguration$$EnhancerBySpringCGLIB$$feef77f6] is not eligible for getting processed by all BeanPostProcessors (for example: not eligible for auto-proxying)
2019-07-04 11:44:10.446  INFO 2832 --- [main] trationDelegate$BeanPostProcessorChecker : Bean 'org.springframework.transaction.annotation.ProxyTransactionManagementConfiguration' of type [org.springframework.transaction.annotation.ProxyTransactionManagementConfiguration$$EnhancerBySpringCGLIB$$3883b9c8] is not eligible for getting processed by all BeanPostProcessors (for example: not eligible for auto-proxying)
2019-07-04 11:44:12.713  INFO 2832 --- [main] c.a.d.s.b.a.DruidDataSourceAutoConfigure : Init DruidDataSource
2019-07-04 11:44:14.595  INFO 2832 --- [main] com.alibaba.druid.pool.DruidDataSource   : {dataSource-1} inited
2019-07-04 11:44:16.971  INFO 2832 --- [main] o.s.b.a.e.web.EndpointLinksResolver      : Exposing 2 endpoint(s) beneath base path '/actuator'
2019-07-04 11:44:18.710  INFO 2832 --- [main] .s.s.UserDetailsServiceAutoConfiguration : 

Using generated security password: 71b0ca56-483b-43a4-aa0a-6992a405bdf8

2019-07-04 11:44:18.976  INFO 2832 --- [main] o.s.s.web.DefaultSecurityFilterChain     : Creating filter chain: any request, [org.springframework.security.web.context.request.async.WebAsyncManagerIntegrationFilter@30704f85, org.springframework.security.web.context.SecurityContextPersistenceFilter@5feb82b3, org.springframework.security.web.header.HeaderWriterFilter@173b1af1, org.springframework.security.web.authentication.logout.LogoutFilter@7d126083, org.springframework.security.web.savedrequest.RequestCacheAwareFilter@37cf91d8, org.springframework.security.web.servletapi.SecurityContextHolderAwareRequestFilter@627acb38, org.springframework.security.web.authentication.AnonymousAuthenticationFilter@2b99c937, org.springframework.security.web.session.SessionManagementFilter@9bf63d2, org.springframework.security.web.access.ExceptionTranslationFilter@abc7005, org.springframework.security.web.access.intercept.FilterSecurityInterceptor@1dbff71c]
2019-07-04 11:44:19.516  INFO 2832 --- [main] pertySourcedRequestMappingHandlerMapping : Mapped URL path [/v2/api-docs] onto method [public org.springframework.http.ResponseEntity<springfox.documentation.spring.web.json.Json> springfox.documentation.swagger2.web.Swagger2Controller.getDocumentation(java.lang.String,javax.servlet.http.HttpServletRequest)]
2019-07-04 11:44:20.369  INFO 2832 --- [main] o.s.s.concurrent.ThreadPoolTaskExecutor  : Initializing ExecutorService 'applicationTaskExecutor'
2019-07-04 11:44:21.655  INFO 2832 --- [main] d.s.w.p.DocumentationPluginsBootstrapper : Context refreshed
2019-07-04 11:44:21.713  INFO 2832 --- [main] d.s.w.p.DocumentationPluginsBootstrapper : Found 1 custom documentation plugin(s)
2019-07-04 11:44:21.811  INFO 2832 --- [main] s.d.s.w.s.ApiListingReferenceScanner     : Scanning for api listing references
2019-07-04 11:44:22.244  INFO 2832 --- [main] .d.s.w.r.o.CachingOperationNameGenerator : Generating unique operation named: handleUsingGET_1
2019-07-04 11:44:22.251  INFO 2832 --- [main] .d.s.w.r.o.CachingOperationNameGenerator : Generating unique operation named: handleUsingGET_2
2019-07-04 11:44:22.255  INFO 2832 --- [main] .d.s.w.r.o.CachingOperationNameGenerator : Generating unique operation named: handleUsingGET_3
2019-07-04 11:44:22.400  INFO 2832 --- [main] o.s.a.r.c.CachingConnectionFactory       : Attempting to connect to: [localhost:5672]
2019-07-04 11:44:22.583  INFO 2832 --- [main] o.s.a.r.c.CachingConnectionFactory       : Created new connection: rabbitConnectionFactory#ef718de:0/SimpleConnection@443253a6 [delegate=amqp://mall@127.0.0.1:5672//mall, localPort= 8673]
2019-07-04 11:44:22.867  INFO 2832 --- [SimpleAsyncTaskExecutor-1] c.w.m.api.component.CancelOrderReceiver  : receive delay message orderId:100
2019-07-04 11:44:22.868  INFO 2832 --- [SimpleAsyncTaskExecutor-1] c.w.m.a.s.impl.CancelOrderServiceImpl    : cancel the order start ... orderId:100
2019-07-04 11:44:22.868  INFO 2832 --- [SimpleAsyncTaskExecutor-1] c.w.m.a.s.impl.CancelOrderServiceImpl    : cancel the order end ... orderId:100
2019-07-04 11:44:23.057  INFO 2832 --- [main] w.m.a.d.UmsRolePermissionRelationDaoTest : Started UmsRolePermissionRelationDaoTest in 19.114 seconds (JVM running for 20.883)
2019-07-04 11:44:23.731  INFO 2832 --- [Thread-4] o.s.a.r.l.SimpleMessageListenerContainer : Waiting for workers to finish.
2019-07-04 11:44:23.869  INFO 2832 --- [Thread-4] o.s.a.r.l.SimpleMessageListenerContainer : Successfully waited for workers to finish.
2019-07-04 11:44:23.884  INFO 2832 --- [Thread-4] o.s.a.r.l.SimpleMessageListenerContainer : Waiting for workers to finish.
2019-07-04 11:44:23.911  INFO 2832 --- [Thread-4] o.s.a.r.l.SimpleMessageListenerContainer : Successfully waited for workers to finish.
2019-07-04 11:44:23.916  INFO 2832 --- [Thread-4] o.s.a.r.l.SimpleMessageListenerContainer : Waiting for workers to finish.
2019-07-04 11:44:23.964  INFO 2832 --- [Thread-4] o.s.a.r.l.SimpleMessageListenerContainer : Successfully waited for workers to finish.
2019-07-04 11:44:23.970  INFO 2832 --- [Thread-4] o.s.a.r.l.SimpleMessageListenerContainer : Waiting for workers to finish.
2019-07-04 11:44:23.996  INFO 2832 --- [Thread-4] o.s.a.r.l.SimpleMessageListenerContainer : Successfully waited for workers to finish.
2019-07-04 11:44:24.002  INFO 2832 --- [Thread-4] o.s.a.r.l.SimpleMessageListenerContainer : Waiting for workers to finish.
2019-07-04 11:44:24.023  INFO 2832 --- [Thread-4] o.s.a.r.l.SimpleMessageListenerContainer : Successfully waited for workers to finish.
2019-07-04 11:44:24.032  INFO 2832 --- [Thread-4] o.s.a.r.l.SimpleMessageListenerContainer : Waiting for workers to finish.
2019-07-04 11:44:24.038  INFO 2832 --- [Thread-4] o.s.a.r.l.SimpleMessageListenerContainer : Successfully waited for workers to finish.
2019-07-04 11:44:24.043  INFO 2832 --- [Thread-4] o.s.a.r.l.SimpleMessageListenerContainer : Shutdown ignored - container is not active already
2019-07-04 11:44:24.044  INFO 2832 --- [Thread-4] o.s.a.r.l.SimpleMessageListenerContainer : Shutdown ignored - container is not active already
2019-07-04 11:44:24.044  INFO 2832 --- [Thread-4] o.s.a.r.l.SimpleMessageListenerContainer : Shutdown ignored - container is not active already
2019-07-04 11:44:24.044  INFO 2832 --- [Thread-4] o.s.a.r.l.SimpleMessageListenerContainer : Shutdown ignored - container is not active already
2019-07-04 11:44:24.044  INFO 2832 --- [Thread-4] o.s.a.r.l.SimpleMessageListenerContainer : Shutdown ignored - container is not active already
2019-07-04 11:44:24.044  INFO 2832 --- [Thread-4] o.s.a.r.l.SimpleMessageListenerContainer : Shutdown ignored - container is not active already
2019-07-04 11:44:24.045  INFO 2832 --- [Thread-4] o.s.s.concurrent.ThreadPoolTaskExecutor  : Shutting down ExecutorService 'applicationTaskExecutor'
2019-07-04 11:44:24.066  INFO 2832 --- [Thread-4] com.alibaba.druid.pool.DruidDataSource   : {dataSource-1} closed
2019-07-04 11:47:00.312  INFO 3084 --- [main] w.m.a.d.UmsRolePermissionRelationDaoTest : Starting UmsRolePermissionRelationDaoTest on LAPTOP-4T85LL3P with PID 3084 (started by wujiang in E:\localSoftware\springLearnDemo\mail\common-api)
2019-07-04 11:47:00.318 DEBUG 3084 --- [main] w.m.a.d.UmsRolePermissionRelationDaoTest : Running with Spring Boot v2.1.3.RELEASE, Spring v5.1.5.RELEASE
2019-07-04 11:47:00.320  INFO 3084 --- [main] w.m.a.d.UmsRolePermissionRelationDaoTest : No active profile set, falling back to default profiles: default
2019-07-04 11:47:04.606  INFO 3084 --- [main] .s.d.r.c.RepositoryConfigurationDelegate : Multiple Spring Data modules found, entering strict repository configuration mode!
2019-07-04 11:47:04.612  INFO 3084 --- [main] .s.d.r.c.RepositoryConfigurationDelegate : Bootstrapping Spring Data repositories in DEFAULT mode.
2019-07-04 11:47:04.702  INFO 3084 --- [main] .s.d.r.c.RepositoryConfigurationDelegate : Finished Spring Data repository scanning in 60ms. Found 0 repository interfaces.
2019-07-04 11:47:06.052  INFO 3084 --- [main] trationDelegate$BeanPostProcessorChecker : Bean 'org.springframework.amqp.rabbit.annotation.RabbitBootstrapConfiguration' of type [org.springframework.amqp.rabbit.annotation.RabbitBootstrapConfiguration$$EnhancerBySpringCGLIB$$13227231] is not eligible for getting processed by all BeanPostProcessors (for example: not eligible for auto-proxying)
2019-07-04 11:47:06.157  INFO 3084 --- [main] trationDelegate$BeanPostProcessorChecker : Bean 'org.springframework.transaction.annotation.ProxyTransactionManagementConfiguration' of type [org.springframework.transaction.annotation.ProxyTransactionManagementConfiguration$$EnhancerBySpringCGLIB$$4cb6b403] is not eligible for getting processed by all BeanPostProcessors (for example: not eligible for auto-proxying)
2019-07-04 11:47:08.626  INFO 3084 --- [main] c.a.d.s.b.a.DruidDataSourceAutoConfigure : Init DruidDataSource
2019-07-04 11:47:10.676  INFO 3084 --- [main] com.alibaba.druid.pool.DruidDataSource   : {dataSource-1} inited
2019-07-04 11:47:12.757  INFO 3084 --- [main] o.s.b.a.e.web.EndpointLinksResolver      : Exposing 2 endpoint(s) beneath base path '/actuator'
2019-07-04 11:47:14.337  INFO 3084 --- [main] .s.s.UserDetailsServiceAutoConfiguration : 

Using generated security password: b9dabecc-dd3d-444d-b523-80703979dcc4

2019-07-04 11:47:15.123  INFO 3084 --- [main] o.s.s.web.DefaultSecurityFilterChain     : Creating filter chain: any request, [org.springframework.security.web.context.request.async.WebAsyncManagerIntegrationFilter@27dfd12b, org.springframework.security.web.context.SecurityContextPersistenceFilter@32b95de, org.springframework.security.web.header.HeaderWriterFilter@7f53fc38, org.springframework.security.web.authentication.logout.LogoutFilter@20a9f5fb, org.springframework.security.web.savedrequest.RequestCacheAwareFilter@165aa43a, org.springframework.security.web.servletapi.SecurityContextHolderAwareRequestFilter@1131aead, org.springframework.security.web.authentication.AnonymousAuthenticationFilter@4348fa35, org.springframework.security.web.session.SessionManagementFilter@4b09d1c3, org.springframework.security.web.access.ExceptionTranslationFilter@173b1af1, org.springframework.security.web.access.intercept.FilterSecurityInterceptor@29c25bbc]
2019-07-04 11:47:15.216  INFO 3084 --- [main] pertySourcedRequestMappingHandlerMapping : Mapped URL path [/v2/api-docs] onto method [public org.springframework.http.ResponseEntity<springfox.documentation.spring.web.json.Json> springfox.documentation.swagger2.web.Swagger2Controller.getDocumentation(java.lang.String,javax.servlet.http.HttpServletRequest)]
2019-07-04 11:47:16.312  INFO 3084 --- [main] o.s.s.concurrent.ThreadPoolTaskExecutor  : Initializing ExecutorService 'applicationTaskExecutor'
2019-07-04 11:47:17.743  INFO 3084 --- [main] d.s.w.p.DocumentationPluginsBootstrapper : Context refreshed
2019-07-04 11:47:17.789  INFO 3084 --- [main] d.s.w.p.DocumentationPluginsBootstrapper : Found 1 custom documentation plugin(s)
2019-07-04 11:47:17.848  INFO 3084 --- [main] s.d.s.w.s.ApiListingReferenceScanner     : Scanning for api listing references
2019-07-04 11:47:18.188  INFO 3084 --- [main] .d.s.w.r.o.CachingOperationNameGenerator : Generating unique operation named: handleUsingGET_1
2019-07-04 11:47:18.192  INFO 3084 --- [main] .d.s.w.r.o.CachingOperationNameGenerator : Generating unique operation named: handleUsingGET_2
2019-07-04 11:47:18.196  INFO 3084 --- [main] .d.s.w.r.o.CachingOperationNameGenerator : Generating unique operation named: handleUsingGET_3
2019-07-04 11:47:18.299  INFO 3084 --- [main] o.s.a.r.c.CachingConnectionFactory       : Attempting to connect to: [localhost:5672]
2019-07-04 11:47:18.555  INFO 3084 --- [main] o.s.a.r.c.CachingConnectionFactory       : Created new connection: rabbitConnectionFactory#5489b1f7:0/SimpleConnection@7d70ba18 [delegate=amqp://mall@127.0.0.1:5672//mall, localPort= 8837]
2019-07-04 11:47:19.002  INFO 3084 --- [SimpleAsyncTaskExecutor-2] c.w.m.api.component.CancelOrderReceiver  : receive delay message orderId:100
2019-07-04 11:47:19.003  INFO 3084 --- [SimpleAsyncTaskExecutor-2] c.w.m.a.s.impl.CancelOrderServiceImpl    : cancel the order start ... orderId:100
2019-07-04 11:47:19.003  INFO 3084 --- [SimpleAsyncTaskExecutor-2] c.w.m.a.s.impl.CancelOrderServiceImpl    : cancel the order end ... orderId:100
2019-07-04 11:47:19.344  INFO 3084 --- [main] w.m.a.d.UmsRolePermissionRelationDaoTest : Started UmsRolePermissionRelationDaoTest in 19.86 seconds (JVM running for 21.414)
2019-07-04 11:47:19.841  INFO 3084 --- [Thread-4] o.s.a.r.l.SimpleMessageListenerContainer : Waiting for workers to finish.
2019-07-04 11:47:20.006  INFO 3084 --- [Thread-4] o.s.a.r.l.SimpleMessageListenerContainer : Successfully waited for workers to finish.
2019-07-04 11:47:20.055  INFO 3084 --- [Thread-4] o.s.a.r.l.SimpleMessageListenerContainer : Waiting for workers to finish.
2019-07-04 11:47:20.057  INFO 3084 --- [Thread-4] o.s.a.r.l.SimpleMessageListenerContainer : Successfully waited for workers to finish.
2019-07-04 11:47:20.086  INFO 3084 --- [Thread-4] o.s.a.r.l.SimpleMessageListenerContainer : Waiting for workers to finish.
2019-07-04 11:47:20.203  INFO 3084 --- [Thread-4] o.s.a.r.l.SimpleMessageListenerContainer : Successfully waited for workers to finish.
2019-07-04 11:47:20.225  INFO 3084 --- [Thread-4] o.s.a.r.l.SimpleMessageListenerContainer : Waiting for workers to finish.
2019-07-04 11:47:20.282  INFO 3084 --- [Thread-4] o.s.a.r.l.SimpleMessageListenerContainer : Successfully waited for workers to finish.
2019-07-04 11:47:20.297  INFO 3084 --- [Thread-4] o.s.a.r.l.SimpleMessageListenerContainer : Waiting for workers to finish.
2019-07-04 11:47:20.308  INFO 3084 --- [Thread-4] o.s.a.r.l.SimpleMessageListenerContainer : Successfully waited for workers to finish.
2019-07-04 11:47:20.327  INFO 3084 --- [Thread-4] o.s.a.r.l.SimpleMessageListenerContainer : Waiting for workers to finish.
2019-07-04 11:47:20.329  INFO 3084 --- [Thread-4] o.s.a.r.l.SimpleMessageListenerContainer : Successfully waited for workers to finish.
2019-07-04 11:47:20.341  INFO 3084 --- [Thread-4] o.s.a.r.l.SimpleMessageListenerContainer : Shutdown ignored - container is not active already
2019-07-04 11:47:20.342  INFO 3084 --- [Thread-4] o.s.a.r.l.SimpleMessageListenerContainer : Shutdown ignored - container is not active already
2019-07-04 11:47:20.342  INFO 3084 --- [Thread-4] o.s.a.r.l.SimpleMessageListenerContainer : Shutdown ignored - container is not active already
2019-07-04 11:47:20.342  INFO 3084 --- [Thread-4] o.s.a.r.l.SimpleMessageListenerContainer : Shutdown ignored - container is not active already
2019-07-04 11:47:20.343  INFO 3084 --- [Thread-4] o.s.a.r.l.SimpleMessageListenerContainer : Shutdown ignored - container is not active already
2019-07-04 11:47:20.343  INFO 3084 --- [Thread-4] o.s.a.r.l.SimpleMessageListenerContainer : Shutdown ignored - container is not active already
2019-07-04 11:47:20.343  INFO 3084 --- [Thread-4] o.s.s.concurrent.ThreadPoolTaskExecutor  : Shutting down ExecutorService 'applicationTaskExecutor'
2019-07-04 11:47:20.375  INFO 3084 --- [Thread-4] com.alibaba.druid.pool.DruidDataSource   : {dataSource-1} closed
